<?xml version="1.0" encoding="UTF-8"?>
<testsuite name="com.aether.app.infrastructure.web.controller.LocationControllerTest" tests="2" skipped="0" failures="0" errors="0" timestamp="2025-10-04T02:43:35.352Z" hostname="edu25-8.wi-fi.upv.es" time="0.18">
  <properties/>
  <testcase name="postConsent_withoutConsent_shouldFail400()" classname="com.aether.app.infrastructure.web.controller.LocationControllerTest" time="0.067"/>
  <testcase name="postConsent_shouldReturn201_andPersist_withCity()" classname="com.aether.app.infrastructure.web.controller.LocationControllerTest" time="0.112"/>
  <system-out><![CDATA[04:43:33.165 [Test worker] INFO org.springframework.test.context.support.AnnotationConfigContextLoaderUtils -- Could not detect default configuration classes for test class [com.aether.app.infrastructure.web.controller.LocationControllerTest]: LocationControllerTest does not declare any static, non-private, non-final, nested classes annotated with @Configuration.
04:43:33.209 [Test worker] INFO org.springframework.boot.test.context.SpringBootTestContextBootstrapper -- Found @SpringBootConfiguration com.aether.app.AetherApplication for test class com.aether.app.infrastructure.web.controller.LocationControllerTest

  .   ____          _            __ _ _
 /\\ / ___'_ __ _ _(_)_ __  __ _ \ \ \ \
( ( )\___ | '_ | '_| | '_ \/ _` | \ \ \ \
 \\/  ___)| |_)| | | | | || (_| |  ) ) ) )
  '  |____| .__|_| |_|_| |_\__, | / / / /
 =========|_|==============|___/=/_/_/_/

 :: Spring Boot ::                (v3.3.3)

2025-10-04T04:43:33.335+02:00  INFO 6765 --- [Aether] [    Test worker] c.a.a.i.w.c.LocationControllerTest       : Starting LocationControllerTest using Java 17.0.15 with PID 6765 (started by dpairo in /Users/dpairo/Developer/Aether)
2025-10-04T04:43:33.335+02:00 DEBUG 6765 --- [Aether] [    Test worker] c.a.a.i.w.c.LocationControllerTest       : Running with Spring Boot v3.3.3, Spring v6.1.12
2025-10-04T04:43:33.335+02:00  INFO 6765 --- [Aether] [    Test worker] c.a.a.i.w.c.LocationControllerTest       : No active profile set, falling back to 1 default profile: "default"
2025-10-04T04:43:33.638+02:00  INFO 6765 --- [Aether] [    Test worker] .s.d.r.c.RepositoryConfigurationDelegate : Bootstrapping Spring Data JPA repositories in DEFAULT mode.
2025-10-04T04:43:33.654+02:00  INFO 6765 --- [Aether] [    Test worker] .s.d.r.c.RepositoryConfigurationDelegate : Finished Spring Data repository scanning in 13 ms. Found 1 JPA repository interface.
2025-10-04T04:43:34.289+02:00  INFO 6765 --- [Aether] [    Test worker] o.hibernate.jpa.internal.util.LogHelper  : HHH000204: Processing PersistenceUnitInfo [name: default]
2025-10-04T04:43:34.306+02:00  INFO 6765 --- [Aether] [    Test worker] org.hibernate.Version                    : HHH000412: Hibernate ORM core version 6.5.2.Final
2025-10-04T04:43:34.322+02:00  INFO 6765 --- [Aether] [    Test worker] o.h.c.internal.RegionFactoryInitiator    : HHH000026: Second-level cache disabled
2025-10-04T04:43:34.366+02:00  INFO 6765 --- [Aether] [    Test worker] o.s.o.j.p.SpringPersistenceUnitInfo      : No LoadTimeWeaver setup: ignoring JPA class transformer
2025-10-04T04:43:34.375+02:00  INFO 6765 --- [Aether] [    Test worker] com.zaxxer.hikari.HikariDataSource       : HikariPool-1 - Starting...
2025-10-04T04:43:34.434+02:00  INFO 6765 --- [Aether] [    Test worker] com.zaxxer.hikari.pool.HikariPool        : HikariPool-1 - Added connection conn0: url=jdbc:h2:mem:devdb user=SA
2025-10-04T04:43:34.435+02:00  INFO 6765 --- [Aether] [    Test worker] com.zaxxer.hikari.HikariDataSource       : HikariPool-1 - Start completed.
2025-10-04T04:43:34.699+02:00  INFO 6765 --- [Aether] [    Test worker] o.h.e.t.j.p.i.JtaPlatformInitiator       : HHH000489: No JTA platform available (set 'hibernate.transaction.jta.platform' to enable JTA platform integration)
Hibernate: drop table if exists location_consent cascade 
Hibernate: create table location_consent (accuracy_meters float(53), consent boolean not null, latitude float(53), longitude float(53), asserted_at timestamp(6) with time zone, consent_given_at timestamp(6) with time zone not null, consent_revoked_at timestamp(6) with time zone, id bigint generated by default as identity, consent_version varchar(32), ip_address varchar(64), source varchar(64), city varchar(128), country varchar(128), state varchar(128), user_agent varchar(255), primary key (id))
2025-10-04T04:43:34.716+02:00  INFO 6765 --- [Aether] [    Test worker] j.LocalContainerEntityManagerFactoryBean : Initialized JPA EntityManagerFactory for persistence unit 'default'
2025-10-04T04:43:34.977+02:00  WARN 6765 --- [Aether] [    Test worker] JpaBaseConfiguration$JpaWebConfiguration : spring.jpa.open-in-view is enabled by default. Therefore, database queries may be performed during view rendering. Explicitly configure spring.jpa.open-in-view to disable this warning
2025-10-04T04:43:34.994+02:00  INFO 6765 --- [Aether] [    Test worker] o.s.b.a.w.s.WelcomePageHandlerMapping    : Adding welcome page: class path resource [static/index.html]
2025-10-04T04:43:35.294+02:00  INFO 6765 --- [Aether] [    Test worker] o.s.b.t.m.w.SpringBootMockServletContext : Initializing Spring TestDispatcherServlet ''
2025-10-04T04:43:35.294+02:00  INFO 6765 --- [Aether] [    Test worker] o.s.t.web.servlet.TestDispatcherServlet  : Initializing Servlet ''
2025-10-04T04:43:35.297+02:00  INFO 6765 --- [Aether] [    Test worker] o.s.b.a.e.web.EndpointLinksResolver      : Exposing 2 endpoints beneath base path '/actuator'
2025-10-04T04:43:35.304+02:00  INFO 6765 --- [Aether] [    Test worker] o.s.t.web.servlet.TestDispatcherServlet  : Completed initialization in 10 ms
2025-10-04T04:43:35.330+02:00  INFO 6765 --- [Aether] [    Test worker] c.a.a.i.w.c.LocationControllerTest       : Started LocationControllerTest in 2.079 seconds (process running for 2.436)
Hibernate: insert into location_consent (accuracy_meters,asserted_at,city,consent,consent_given_at,consent_revoked_at,consent_version,country,ip_address,latitude,longitude,source,state,user_agent,id) values (?,?,?,?,?,?,?,?,?,?,?,?,?,?,default)
Hibernate: update location_consent set accuracy_meters=?,asserted_at=?,city=?,consent=?,consent_revoked_at=?,consent_version=?,country=?,ip_address=?,latitude=?,longitude=?,source=?,state=?,user_agent=? where id=?
Hibernate: select lc1_0.id,lc1_0.accuracy_meters,lc1_0.asserted_at,lc1_0.city,lc1_0.consent,lc1_0.consent_given_at,lc1_0.consent_revoked_at,lc1_0.consent_version,lc1_0.country,lc1_0.ip_address,lc1_0.latitude,lc1_0.longitude,lc1_0.source,lc1_0.state,lc1_0.user_agent from location_consent lc1_0 where lc1_0.consent_revoked_at is null order by lc1_0.consent_given_at desc fetch first ? rows only
]]></system-out>
  <system-err><![CDATA[]]></system-err>
</testsuite>
